# JRE version: Java(TM) SE Runtime Environment (8.0_241-b07) (build 1.8.0_241-b07)
# Java VM: Java HotSpot(TM) 64-Bit Server VM (25.241-b07 mixed mode linux-amd64 compressed oops)
Heap:
 PSYoungGen      total 208384K, used 3584K [0x00000000d9f80000, 0x00000000e9900000, 0x0000000100000000)
  eden space 204800K, 0% used [0x00000000d9f80000,0x00000000d9f80000,0x00000000e6780000)
  from space 3584K, 100% used [0x00000000e9580000,0x00000000e9900000,0x00000000e9900000)
  to   space 22016K, 0% used [0x00000000e6e00000,0x00000000e6e00000,0x00000000e8380000)
 ParOldGen       total 77312K, used 45000K [0x000000008de00000, 0x0000000092980000, 0x00000000d9f80000)
  object space 77312K, 58% used [0x000000008de00000,0x00000000909f2368,0x0000000092980000)
 Metaspace       used 31689K, capacity 32660K, committed 32768K, reserved 1077248K
  class space    used 3780K, capacity 4073K, committed 4096K, reserved 1048576K
GC Heap History (10 events):
Event: 3,338 GC heap after
Heap after GC invocations=7 (full 0):
 PSYoungGen      total 133632K, used 10497K [0x00000000d9f80000, 0x00000000ea580000, 0x0000000100000000)
  eden space 120832K, 0% used [0x00000000d9f80000,0x00000000d9f80000,0x00000000e1580000)
  from space 12800K, 82% used [0x00000000e1580000,0x00000000e1fc0598,0x00000000e2200000)
  to   space 13312K, 0% used [0x00000000e9880000,0x00000000e9880000,0x00000000ea580000)
 ParOldGen       total 79360K, used 19962K [0x000000008de00000, 0x0000000092b80000, 0x00000000d9f80000)
  object space 79360K, 25% used [0x000000008de00000,0x000000008f17eb88,0x0000000092b80000)
 Metaspace       used 20665K, capacity 21190K, committed 21296K, reserved 1069056K
  class space    used 2499K, capacity 2666K, committed 2688K, reserved 1048576K
}
Event: 3,338 GC heap before
{Heap before GC invocations=8 (full 1):
 PSYoungGen      total 133632K, used 10497K [0x00000000d9f80000, 0x00000000ea580000, 0x0000000100000000)
  eden space 120832K, 0% used [0x00000000d9f80000,0x00000000d9f80000,0x00000000e1580000)
  from space 12800K, 82% used [0x00000000e1580000,0x00000000e1fc0598,0x00000000e2200000)
  to   space 13312K, 0% used [0x00000000e9880000,0x00000000e9880000,0x00000000ea580000)
 ParOldGen       total 79360K, used 19962K [0x000000008de00000, 0x0000000092b80000, 0x00000000d9f80000)
  object space 79360K, 25% used [0x000000008de00000,0x000000008f17eb88,0x0000000092b80000)
 Metaspace       used 20665K, capacity 21190K, committed 21296K, reserved 1069056K
  class space    used 2499K, capacity 2666K, committed 2688K, reserved 1048576K
Event: 3,468 GC heap after
Heap after GC invocations=8 (full 1):
 PSYoungGen      total 133632K, used 0K [0x00000000d9f80000, 0x00000000ea580000, 0x0000000100000000)
  eden space 120832K, 0% used [0x00000000d9f80000,0x00000000d9f80000,0x00000000e1580000)
  from space 12800K, 0% used [0x00000000e1580000,0x00000000e1580000,0x00000000e2200000)
  to   space 13312K, 0% used [0x00000000e9880000,0x00000000e9880000,0x00000000ea580000)
 ParOldGen       total 77312K, used 22192K [0x000000008de00000, 0x0000000092980000, 0x00000000d9f80000)
  object space 77312K, 28% used [0x000000008de00000,0x000000008f3ac0f8,0x0000000092980000)
 Metaspace       used 20665K, capacity 21190K, committed 21296K, reserved 1069056K
  class space    used 2499K, capacity 2666K, committed 2688K, reserved 1048576K
}
Event: 6,187 GC heap before
{Heap before GC invocations=9 (full 1):
 PSYoungGen      total 133632K, used 120832K [0x00000000d9f80000, 0x00000000ea580000, 0x0000000100000000)
  eden space 120832K, 100% used [0x00000000d9f80000,0x00000000e1580000,0x00000000e1580000)
  from space 12800K, 0% used [0x00000000e1580000,0x00000000e1580000,0x00000000e2200000)
  to   space 13312K, 0% used [0x00000000e9880000,0x00000000e9880000,0x00000000ea580000)
 ParOldGen       total 77312K, used 22192K [0x000000008de00000, 0x0000000092980000, 0x00000000d9f80000)
  object space 77312K, 28% used [0x000000008de00000,0x000000008f3ac0f8,0x0000000092980000)
 Metaspace       used 25390K, capacity 26174K, committed 26368K, reserved 1073152K
  class space    used 2974K, capacity 3233K, committed 3328K, reserved 1048576K
Event: 6,209 GC heap after
Heap after GC invocations=9 (full 1):
 PSYoungGen      total 182784K, used 13296K [0x00000000d9f80000, 0x00000000ea580000, 0x0000000100000000)
  eden space 169472K, 0% used [0x00000000d9f80000,0x00000000d9f80000,0x00000000e4500000)
  from space 13312K, 99% used [0x00000000e9880000,0x00000000ea57c280,0x00000000ea580000)
  to   space 16384K, 0% used [0x00000000e8580000,0x00000000e8580000,0x00000000e9580000)
 ParOldGen       total 77312K, used 25032K [0x000000008de00000, 0x0000000092980000, 0x00000000d9f80000)
  object space 77312K, 32% used [0x000000008de00000,0x000000008f672268,0x0000000092980000)
 Metaspace       used 25390K, capacity 26174K, committed 26368K, reserved 1073152K
  class space    used 2974K, capacity 3233K, committed 3328K, reserved 1048576K
}
Event: 15,036 GC heap before
{Heap before GC invocations=10 (full 1):
 PSYoungGen      total 182784K, used 182768K [0x00000000d9f80000, 0x00000000ea580000, 0x0000000100000000)
  eden space 169472K, 100% used [0x00000000d9f80000,0x00000000e4500000,0x00000000e4500000)
  from space 13312K, 99% used [0x00000000e9880000,0x00000000ea57c280,0x00000000ea580000)
  to   space 16384K, 0% used [0x00000000e8580000,0x00000000e8580000,0x00000000e9580000)
 ParOldGen       total 77312K, used 25032K [0x000000008de00000, 0x0000000092980000, 0x00000000d9f80000)
  object space 77312K, 32% used [0x000000008de00000,0x000000008f672268,0x0000000092980000)
 Metaspace       used 31614K, capacity 32596K, committed 32768K, reserved 1077248K
  class space    used 3773K, capacity 4073K, committed 4096K, reserved 1048576K
Event: 15,072 GC heap after
Heap after GC invocations=10 (full 1):
 PSYoungGen      total 221184K, used 16363K [0x00000000d9f80000, 0x00000000e9900000, 0x0000000100000000)
  eden space 204800K, 0% used [0x00000000d9f80000,0x00000000d9f80000,0x00000000e6780000)
  from space 16384K, 99% used [0x00000000e8580000,0x00000000e957ad68,0x00000000e9580000)
  to   space 3584K, 0% used [0x00000000e9580000,0x00000000e9580000,0x00000000e9900000)
 ParOldGen       total 77312K, used 32368K [0x000000008de00000, 0x0000000092980000, 0x00000000d9f80000)
  object space 77312K, 41% used [0x000000008de00000,0x000000008fd9c3a8,0x0000000092980000)
 Metaspace       used 31614K, capacity 32596K, committed 32768K, reserved 1077248K
  class space    used 3773K, capacity 4073K, committed 4096K, reserved 1048576K
}
Event: 15,133 GC heap before
{Heap before GC invocations=11 (full 1):
 PSYoungGen      total 221184K, used 22064K [0x00000000d9f80000, 0x00000000e9900000, 0x0000000100000000)
  eden space 204800K, 2% used [0x00000000d9f80000,0x00000000da511620,0x00000000e6780000)
  from space 16384K, 99% used [0x00000000e8580000,0x00000000e957ad68,0x00000000e9580000)
  to   space 3584K, 0% used [0x00000000e9580000,0x00000000e9580000,0x00000000e9900000)
 ParOldGen       total 77312K, used 32368K [0x000000008de00000, 0x0000000092980000, 0x00000000d9f80000)
  object space 77312K, 41% used [0x000000008de00000,0x000000008fd9c3a8,0x0000000092980000)
 Metaspace       used 31689K, capacity 32660K, committed 32768K, reserved 1077248K
  class space    used 3780K, capacity 4073K, committed 4096K, reserved 1048576K
Event: 15,153 GC heap after
Heap after GC invocations=11 (full 1):
 PSYoungGen      total 208384K, used 3584K [0x00000000d9f80000, 0x00000000e9900000, 0x0000000100000000)
  eden space 204800K, 0% used [0x00000000d9f80000,0x00000000d9f80000,0x00000000e6780000)
  from space 3584K, 100% used [0x00000000e9580000,0x00000000e9900000,0x00000000e9900000)
  to   space 22016K, 0% used [0x00000000e6e00000,0x00000000e6e00000,0x00000000e8380000)
 ParOldGen       total 77312K, used 45000K [0x000000008de00000, 0x0000000092980000, 0x00000000d9f80000)
  object space 77312K, 58% used [0x000000008de00000,0x00000000909f2368,0x0000000092980000)
 Metaspace       used 31689K, capacity 32660K, committed 32768K, reserved 1077248K
  class space    used 3780K, capacity 4073K, committed 4096K, reserved 1048576K
}
Event: 15,153 GC heap before
{Heap before GC invocations=12 (full 2):
 PSYoungGen      total 208384K, used 3584K [0x00000000d9f80000, 0x00000000e9900000, 0x0000000100000000)
  eden space 204800K, 0% used [0x00000000d9f80000,0x00000000d9f80000,0x00000000e6780000)
  from space 3584K, 100% used [0x00000000e9580000,0x00000000e9900000,0x00000000e9900000)
  to   space 22016K, 0% used [0x00000000e6e00000,0x00000000e6e00000,0x00000000e8380000)
 ParOldGen       total 77312K, used 45000K [0x000000008de00000, 0x0000000092980000, 0x00000000d9f80000)
  object space 77312K, 58% used [0x000000008de00000,0x00000000909f2368,0x0000000092980000)
 Metaspace       used 31689K, capacity 32660K, committed 32768K, reserved 1077248K
  class space    used 3780K, capacity 4073K, committed 4096K, reserved 1048576K

